[run_single] exp_id=ideo_balancing_sweep run_id=ideo_balancing_sweep_run_000000
[run_single] CMD: make run STAGE=pipeline PROFILE=ideo_quick BALANCE_STRATEGY=none FAMILY=sklearn SEED=42 OVERRIDES=view=ideology_global max_docs_global=1500 dataset_id=web1 data.corpus_ids=["web1"] data.merge_mode=single analysis.compare_by=[] families=["sklearn"] models_sklearn=["tfidf_svm_quick"]
make[1]: Entering directory '/home/teas/prog/PEPM_M1srbn-project-PEMP_V5.5-CPU-main'
[run] STAGE=pipeline PROFILE=ideo_quick FAMILY=sklearn
make[2]: Entering directory '/home/teas/prog/PEPM_M1srbn-project-PEMP_V5.5-CPU-main'
.venv/bin/python scripts/pre/pre_check_env.py --profile ideo_quick || true
[env] Profil cible (info): ideo_quick
[env] Vérification des imports critiques...
  [OK] import yaml
  [OK] import sklearn
  [OK] import spacy
  [OK] import transformers
[env] Compilation py_compile de scripts/ ...
  [OK] Tous les scripts compilent.
[env] Diagnostic OK.
[check_scripts] Compilation de tous les scripts Python (py_compile)...
[check_scripts] OK : syntaxe Python valide pour tous les scripts.
[check] Vérification du profil ideo_quick...
.venv/bin/python scripts/pre/pre_check_config.py \
--profile ideo_quick \
--override corpus_id=web1 --override balance_strategy=none --override seed=42 --override view=ideology_global --override max_docs_global=1500 --override dataset_id=web1 --override data.corpus_ids=[web1] --override data.merge_mode=single --override analysis.compare_by=[] --override families=[sklearn] --override models_sklearn=[tfidf_svm_quick] \
--verbose
[config] corpus_ids inconnus dans common/corpora.yml: ['[', 'w', 'e', 'b', '1', ']']
make[2]: *** [makefile:159: check] Error 1
make[2]: Leaving directory '/home/teas/prog/PEPM_M1srbn-project-PEMP_V5.5-CPU-main'
make[1]: *** [makefile:211: run] Error 2
make[1]: Leaving directory '/home/teas/prog/PEPM_M1srbn-project-PEMP_V5.5-CPU-main'
